{"level":"info","message":"Server is running on port 3000"}
{"level":"info","message":"Database connection established successfully"}
{"level":"info","message":"Server is running on port 3000"}
{"level":"info","message":"Database connection established successfully"}
{"level":"info","message":"Server is running on port 3000"}
{"level":"info","message":"Database connection established successfully"}
{"level":"info","message":"Server is running on port 3000"}
{"level":"info","message":"Database connection established successfully"}
{"level":"info","message":"Server is running on port 3000"}
{"level":"info","message":"Database connection established successfully"}
{"level":"info","message":"Server is running on port 3000"}
{"level":"info","message":"Database connection established successfully"}
{"level":"info","message":"Server is running on port 3000"}
{"level":"info","message":"Database connection established successfully"}
{"level":"info","message":"Server is running on port 3000"}
{"level":"info","message":"Database connection established successfully"}
{"level":"info","message":"Server is running on port 3000"}
{"level":"info","message":"Database connection established successfully"}
{"level":"info","message":"Server is running on port 3000"}
{"level":"info","message":"Database connection established successfully"}
{"level":"info","message":"Server is running on port 3000"}
{"level":"info","message":"Database connection established successfully"}
{"level":"info","message":"Server is running on port 3000"}
{"level":"info","message":"Database connection established successfully"}
{"level":"info","message":"Server is running on port 3000"}
{"level":"info","message":"Database connection established successfully"}
{"level":"info","message":"Server is running on port 3000"}
{"level":"info","message":"Database connection established successfully"}
{"level":"info","message":"Server is running on port 3000"}
{"level":"info","message":"Database connection established successfully"}
{"level":"info","message":"Server is running on port 3000"}
{"level":"info","message":"Database connection established successfully"}
{"level":"info","message":"Server is running on port 3000"}
{"level":"info","message":"Server is running on port 3000"}
{"level":"info","message":"Server is running on port 3000"}
{"level":"info","message":"Server is running on port 3000"}
{"level":"info","message":"Database connection established successfully"}
{"level":"info","message":"Server is running on port 3000"}
{"level":"info","message":"Database connection established successfully"}
{"level":"info","message":"Server is running on port 3000"}
{"level":"info","message":"Database connection established successfully"}
{"level":"info","message":"Server is running on port 3000"}
{"level":"info","message":"Database connection established successfully"}
{"level":"info","message":"Server is running on port 3000"}
{"level":"info","message":"Database connection established successfully"}
{"level":"info","message":"Server is running on port 3000"}
{"level":"info","message":"Database connection established successfully"}
{"level":"info","message":"Server is running on port 3000"}
{"level":"info","message":"Database connection established successfully"}
{"level":"info","message":"Server is running on port 3000"}
{"level":"info","message":"Database connection established successfully"}
{"level":"info","message":"Server is running on port 3000"}
{"level":"info","message":"Database connection established successfully"}
{"level":"info","message":"Server is running on port 3000"}
{"level":"info","message":"Database connection established successfully"}
{"level":"info","message":"Server is running on port 3000"}
{"level":"info","message":"Database connection established successfully"}
{"level":"info","message":"Server is running on port 3000"}
{"level":"info","message":"Server is running on port 3000"}
{"level":"info","message":"Server is running on port 3000"}
{"level":"info","message":"Server is running on port 3000"}
{"level":"info","message":"Database connection established successfully"}
{"level":"info","message":"Server is running on port 3000"}
{"level":"info","message":"Database connection established successfully"}
{"level":"info","message":"Server is running on port 3000"}
{"level":"info","message":"Database connection established successfully"}
{"level":"info","message":"Server is running on port 3000"}
{"level":"info","message":"Database connection established successfully"}
{"level":"info","message":"Server is running on port 3000"}
{"level":"info","message":"Server is running on port 3000"}
{"level":"info","message":"Database connection established successfully"}
{"level":"info","message":"Server is running on port 3000"}
{"level":"info","message":"Database connection established successfully"}
{"level":"info","message":"Server is running on port 3000"}
{"level":"info","message":"Database connection established successfully"}
{"level":"info","message":"Server is running on port 3000"}
{"level":"info","message":"Database connection established successfully"}
{"level":"info","message":"Server is running on port 3000"}
{"level":"info","message":"Database connection established successfully"}
{"level":"info","message":"Server is running on port 3000"}
{"level":"info","message":"Server is running on port 3000"}
{"level":"info","message":"Database connection established successfully"}
{"level":"info","message":"Server is running on port 3000"}
{"level":"info","message":"Server is running on port 3000"}
{"level":"info","message":"Database connection established successfully"}
{"level":"info","message":"Server is running on port 3000"}
{"level":"info","message":"Database connection established successfully"}
{"level":"info","message":"Server is running on port 3000"}
{"level":"info","message":"Server is running on port 3000"}
{"level":"info","message":"Server is running on port 3000"}
{"level":"info","message":"Server is running on port 3000"}
{"level":"info","message":"Database connection established successfully"}
{"level":"info","message":"Server is running on port 3000"}
{"level":"info","message":"Server is running on port 3000"}
{"level":"info","message":"Server is running on port 3000"}
{"level":"info","message":"Database connection established successfully"}
{"level":"info","message":"Server is running on port 3000"}
{"level":"info","message":"Database connection established successfully"}
{"level":"info","message":"Server is running on port 3000"}
{"level":"info","message":"Server is running on port 3000"}
{"level":"info","message":"Database connection established successfully"}
{"level":"info","message":"Server is running on port 3000"}
{"level":"info","message":"Database connection established successfully"}
{"level":"info","message":"Server is running on port 3000"}
{"level":"info","message":"Database connection established successfully"}
{"level":"info","message":"Server is running on port 3000"}
{"level":"info","message":"Database connection established successfully"}
{"level":"info","message":"Server is running on port 3000"}
{"level":"info","message":"Database connection established successfully"}
{"level":"info","message":"Server is running on port 3000"}
{"level":"info","message":"Database connection established successfully"}
{"level":"info","message":"Server is running on port 3000"}
{"level":"info","message":"Database connection established successfully"}
{"level":"info","message":"Server is running on port 3000"}
{"level":"info","message":"Database connection established successfully"}
{"level":"info","message":"Server is running on port 3000"}
{"level":"info","message":"Database connection established successfully"}
{"level":"info","message":"Server is running on port 3000"}
{"level":"info","message":"Server is running on port 3000"}
{"level":"info","message":"Database connection established successfully"}
{"level":"info","message":"Server is running on port 3000"}
{"level":"info","message":"Database connection established successfully"}
{"level":"info","message":"Server is running on port 3000"}
{"level":"info","message":"Database connection established successfully"}
{"level":"info","message":"Server is running on port 3000"}
{"level":"info","message":"Database connection established successfully"}
{"level":"info","message":"Server is running on port 3000"}
{"level":"info","message":"Database connection established successfully"}
{"level":"error","message":"Expected ':' after property name in JSON at position 9"}
{"level":"info","message":"Server is running on port 3000"}
{"level":"info","message":"Server is running on port 3000"}
{"level":"info","message":"Database connection established successfully"}
{"level":"error","message":"Expected ':' after property name in JSON at position 9"}
{"level":"info","message":"Server is running on port 3000"}
{"level":"info","message":"Server is running on port 3000"}
{"level":"info","message":"Server is running on port 3000"}
{"level":"error","message":"Expected ':' after property name in JSON at position 9"}
{"level":"info","message":"Database connection established successfully"}
{"level":"error","message":"Expected ':' after property name in JSON at position 9"}
{"level":"info","message":"Server is running on port 3000"}
{"level":"info","message":"Database connection established successfully"}
{"level":"error","message":"Cannot read properties of undefined (reading 'buffer')"}
{"level":"info","message":"Server is running on port 3000"}
{"level":"info","message":"Server is running on port 3000"}
{"level":"info","message":"Database connection established successfully"}
{"level":"info","message":"Server is running on port 3000"}
{"level":"info","message":"Server is running on port 3000"}
{"level":"info","message":"Database connection established successfully"}
{"level":"info","message":"Server is running on port 3000"}
{"level":"info","message":"Database connection established successfully"}
{"level":"error","message":"Resume validation failed: resume_url: Path `resume_url` is required."}
{"level":"info","message":"Server is running on port 3000"}
{"level":"info","message":"Server is running on port 3000"}
{"level":"info","message":"Server is running on port 3000"}
{"level":"info","message":"Server is running on port 3000"}
{"level":"info","message":"Database connection established successfully"}
{"level":"info","message":"Server is running on port 3000"}
{"level":"info","message":"Server is running on port 3000"}
{"level":"info","message":"Database connection established successfully"}
{"level":"info","message":"Server is running on port 3000"}
{"level":"info","message":"Database connection established successfully"}
{"level":"error","message":"Resume validation failed: resume_url: Path `resume_url` is required."}
{"level":"info","message":"Server is running on port 3000"}
{"level":"info","message":"Database connection established successfully"}
{"level":"info","message":"Server is running on port 3000"}
{"level":"info","message":"Server is running on port 3000"}
{"level":"info","message":"Server is running on port 3000"}
{"level":"info","message":"Database connection established successfully"}
{"level":"info","message":"Server is running on port 3000"}
{"level":"info","message":"Server is running on port 3000"}
{"level":"info","message":"Server is running on port 3000"}
{"level":"info","message":"Server is running on port 3000"}
{"level":"info","message":"Server is running on port 3000"}
{"level":"info","message":"Database connection established successfully"}
{"level":"info","message":"Server is running on port 3000"}
{"level":"info","message":"Server is running on port 3000"}
{"level":"info","message":"Server is running on port 3000"}
{"level":"info","message":"Server is running on port 3000"}
{"level":"info","message":"Database connection established successfully"}
{"level":"info","message":"Server is running on port 3000"}
{"level":"info","message":"Server is running on port 3000"}
{"level":"info","message":"Database connection established successfully"}
{"level":"info","message":"Server is running on port 3000"}
{"level":"info","message":"Database connection established successfully"}
{"level":"info","message":"Server is running on port 3000"}
{"level":"info","message":"Database connection established successfully"}
{"level":"info","message":"Server is running on port 3000"}
{"level":"info","message":"Database connection established successfully"}
{"level":"info","message":"Server is running on port 3000"}
{"level":"info","message":"Database connection established successfully"}
{"level":"info","message":"Server is running on port 3000"}
{"level":"info","message":"Database connection established successfully"}
{"level":"info","message":"Server is running on port 3000"}
{"level":"info","message":"Server is running on port 3000"}
{"level":"info","message":"Database connection established successfully"}
{"level":"info","message":"Server is running on port 3000"}
{"level":"info","message":"Database connection established successfully"}
{"level":"info","message":"Server is running on port 3000"}
{"level":"info","message":"Server is running on port 3000"}
{"level":"info","message":"Database connection established successfully"}
{"level":"info","message":"Server is running on port 3000"}
{"level":"info","message":"Server is running on port 3000"}
{"level":"info","message":"Server is running on port 3000"}
{"level":"info","message":"Database connection established successfully"}
{"level":"info","message":"Server is running on port 3000"}
{"level":"info","message":"Database connection established successfully"}
{"level":"info","message":"Server is running on port 3000"}
{"level":"info","message":"Database connection established successfully"}
{"level":"error","message":"Error Uploading file to cloudinary: [object Object]"}
{"level":"info","message":"Server is running on port 3000"}
{"level":"info","message":"Database connection established successfully"}
{"level":"info","message":"Server is running on port 3000"}
{"level":"info","message":"Server is running on port 3000"}
{"level":"info","message":"Database connection established successfully"}
{"level":"info","message":"Server is running on port 3000"}
{"level":"info","message":"Server is running on port 3000"}
{"level":"info","message":"Server is running on port 3000"}
{"level":"info","message":"Database connection established successfully"}
{"level":"info","message":"Server is running on port 3000"}
{"level":"info","message":"Database connection established successfully"}
{"level":"info","message":"Server is running on port 3000"}
{"level":"info","message":"Server is running on port 3000"}
{"level":"info","message":"Database connection established successfully"}
{"level":"info","message":"Server is running on port 3000"}
{"level":"info","message":"Database connection established successfully"}
{"level":"info","message":"Server is running on port 3000"}
{"level":"info","message":"Database connection established successfully"}
{"level":"info","message":"Server is running on port 3000"}
{"level":"info","message":"Database connection established successfully"}
{"level":"info","message":"Server is running on port 3000"}
{"level":"info","message":"Database connection established successfully"}
{"level":"error","message":"Error Uploading file to cloudinary: [object Object]"}
{"level":"info","message":"Server is running on port 3000"}
{"level":"info","message":"Database connection established successfully"}
{"level":"error","message":"Error Uploading file to cloudinary: [object Object]"}
{"level":"info","message":"Server is running on port 3000"}
{"level":"info","message":"Server is running on port 3000"}
{"level":"info","message":"Database connection established successfully"}
{"level":"info","message":"Server is running on port 3000"}
{"level":"info","message":"Server is running on port 3000"}
{"level":"info","message":"Server is running on port 3000"}
{"level":"info","message":"Database connection established successfully"}
{"level":"info","message":"Server is running on port 3000"}
{"level":"info","message":"Server is running on port 3000"}
{"level":"info","message":"Database connection established successfully"}
{"level":"info","message":"Server is running on port 3000"}
{"level":"info","message":"Server is running on port 3000"}
{"level":"info","message":"Database connection established successfully"}
{"level":"info","message":"Server is running on port 3000"}
{"level":"info","message":"Database connection established successfully"}
{"level":"info","message":"Server is running on port 3000"}
{"level":"info","message":"Database connection established successfully"}
{"level":"info","message":"Server is running on port 3000"}
{"level":"info","message":"Server is running on port 3000"}
{"level":"info","message":"Database connection established successfully"}
{"level":"info","message":"Server is running on port 3000"}
{"level":"info","message":"Server is running on port 3000"}
{"level":"info","message":"Server is running on port 3000"}
{"level":"info","message":"Server is running on port 3000"}
{"level":"info","message":"Server is running on port 3000"}
{"level":"info","message":"Server is running on port 3000"}
{"level":"info","message":"Server is running on port 3000"}
{"level":"info","message":"Server is running on port 3000"}
{"level":"info","message":"Database connection established successfully"}
{"level":"info","message":"Server is running on port 3000"}
{"level":"info","message":"Server is running on port 3000"}
{"level":"info","message":"Server is running on port 3000"}
{"level":"info","message":"Server is running on port 3000"}
{"level":"info","message":"Server is running on port 3000"}
{"level":"info","message":"Server is running on port 3000"}
{"level":"info","message":"Database connection established successfully"}
{"level":"info","message":"Server is running on port 3000"}
{"level":"info","message":"Server is running on port 3000"}
{"level":"info","message":"Server is running on port 3000"}
{"level":"info","message":"Server is running on port 3000"}
{"level":"info","message":"Database connection established successfully"}
{"level":"info","message":"Server is running on port 3000"}
{"level":"info","message":"Server is running on port 3000"}
{"level":"info","message":"Database connection established successfully"}
{"level":"info","message":"Server is running on port 3000"}
{"level":"info","message":"Database connection established successfully"}
{"level":"info","message":"Server is running on port 3000"}
{"level":"info","message":"Server is running on port 3000"}
{"level":"info","message":"Database connection established successfully"}
{"level":"info","message":"Server is running on port 3000"}
{"level":"info","message":"Server is running on port 3000"}
{"level":"info","message":"Database connection established successfully"}
{"level":"info","message":"Server is running on port 3000"}
{"level":"info","message":"Server is running on port 3000"}
{"level":"info","message":"Database connection established successfully"}
{"level":"info","message":"Server is running on port 3000"}
{"level":"info","message":"Database connection established successfully"}
{"level":"info","message":"Server is running on port 3000"}
{"level":"info","message":"Database connection established successfully"}
{"level":"info","message":"Server is running on port 3000"}
{"level":"info","message":"Database connection established successfully"}
{"level":"info","message":"Server is running on port 3000"}
{"level":"info","message":"Database connection established successfully"}
{"level":"info","message":"Server is running on port 3000"}
{"level":"info","message":"Database connection established successfully"}
{"level":"info","message":"Server is running on port 3000"}
{"level":"info","message":"Database connection established successfully"}
{"level":"info","message":"Server is running on port 3000"}
{"level":"info","message":"Database connection established successfully"}
{"level":"info","message":"Server is running on port 3000"}
{"level":"info","message":"Database connection established successfully"}
{"level":"info","message":"Server is running on port 3000"}
{"level":"info","message":"Database connection established successfully"}
{"level":"info","message":"Server is running on port 3000"}
{"level":"info","message":"Database connection established successfully"}
{"level":"info","message":"Server is running on port 3000"}
{"level":"info","message":"Server is running on port 3000"}
{"level":"info","message":"Server is running on port 3000"}
{"level":"info","message":"Database connection established successfully"}
{"level":"info","message":"Server is running on port 3000"}
{"level":"info","message":"Database connection established successfully"}
{"level":"info","message":"Server is running on port 3000"}
{"level":"info","message":"Database connection established successfully"}
{"level":"info","message":"Server is running on port 3000"}
{"level":"info","message":"Database connection established successfully"}
{"level":"info","message":"Server is running on port 3000"}
{"level":"info","message":"Database connection established successfully"}
{"level":"info","message":"Server is running on port 3000"}
{"level":"info","message":"Database connection established successfully"}
{"level":"info","message":"Server is running on port 3000"}
{"level":"info","message":"Server is running on port 3000"}
{"level":"info","message":"Database connection established successfully"}
{"level":"info","message":"Server is running on port 3000"}
{"level":"info","message":"Database connection established successfully"}
{"level":"info","message":"Server is running on port 3000"}
{"level":"info","message":"Database connection established successfully"}
{"level":"info","message":"Server is running on port 3000"}
{"level":"info","message":"Server is running on port 3000"}
{"level":"info","message":"Database connection established successfully"}
{"level":"info","message":"Server is running on port 3000"}
{"level":"info","message":"Server is running on port 3000"}
{"level":"info","message":"Database connection established successfully"}
{"level":"info","message":"Server is running on port 3000"}
{"level":"info","message":"Server is running on port 3000"}
{"level":"info","message":"Database connection established successfully"}
{"level":"info","message":"Server is running on port 3000"}
{"level":"info","message":"Database connection established successfully"}
{"level":"info","message":"Server is running on port 3000"}
{"level":"info","message":"Database connection established successfully"}
{"level":"info","message":"Server is running on port 3000"}
{"level":"info","message":"Server is running on port 3000"}
{"level":"info","message":"Server is running on port 3000"}
{"level":"info","message":"Database connection established successfully"}
{"level":"info","message":"Server is running on port 3000"}
{"level":"info","message":"Server is running on port 3000"}
{"level":"info","message":"Server is running on port 3000"}
{"level":"info","message":"Server is running on port 3000"}
{"level":"info","message":"Server is running on port 3000"}
{"level":"info","message":"Database connection established successfully"}
{"level":"info","message":"Server is running on port 3000"}
{"level":"info","message":"Database connection established successfully"}
{"level":"info","message":"Server is running on port 3000"}
{"level":"info","message":"Database connection established successfully"}
{"level":"info","message":"Server is running on port 3000"}
{"level":"info","message":"Server is running on port 3000"}
{"level":"info","message":"Database connection established successfully"}
{"level":"info","message":"Server is running on port 3000"}
{"level":"info","message":"Database connection established successfully"}
{"level":"info","message":"Server is running on port 3000"}
{"level":"info","message":"Database connection established successfully"}
{"level":"error","message":"resolve is not defined"}
{"level":"info","message":"Server is running on port 3000"}
{"level":"info","message":"Server is running on port 3000"}
{"level":"info","message":"Server is running on port 3000"}
{"level":"info","message":"Server is running on port 3000"}
{"level":"info","message":"Database connection established successfully"}
{"level":"info","message":"Server is running on port 3000"}
{"level":"info","message":"Database connection established successfully"}
{"level":"info","message":"Server is running on port 3000"}
{"level":"info","message":"Database connection established successfully"}
{"level":"info","message":"Server is running on port 3000"}
{"level":"info","message":"Database connection established successfully"}
{"level":"info","message":"Server is running on port 3000"}
{"level":"info","message":"Database connection established successfully"}
{"level":"info","message":"Server is running on port 3000"}
{"level":"info","message":"Database connection established successfully"}
{"level":"info","message":"Server is running on port 3000"}
{"level":"info","message":"Database connection established successfully"}
{"level":"info","message":"Server is running on port 3000"}
{"level":"info","message":"Server is running on port 3000"}
{"level":"info","message":"Server is running on port 3000"}
{"level":"info","message":"Database connection established successfully"}
{"level":"info","message":"Server is running on port 3000"}
{"level":"info","message":"Database connection established successfully"}
{"level":"info","message":"Server is running on port 3000"}
{"level":"info","message":"Server is running on port 3000"}
{"level":"info","message":"Server is running on port 3000"}
{"level":"info","message":"Database connection established successfully"}
{"level":"info","message":"Server is running on port 3000"}
{"level":"info","message":"Database connection established successfully"}
{"level":"info","message":"Server is running on port 3000"}
{"level":"info","message":"Server is running on port 3000"}
{"level":"info","message":"Database connection established successfully"}
{"level":"info","message":"Server is running on port 3000"}
{"level":"info","message":"Database connection established successfully"}
{"level":"info","message":"Server is running on port 3000"}
{"level":"info","message":"Database connection established successfully"}
{"level":"info","message":"Server is running on port 3000"}
{"level":"info","message":"Database connection established successfully"}
{"level":"info","message":"Server is running on port 3000"}
{"level":"info","message":"Database connection established successfully"}
{"level":"info","message":"Server is running on port 3000"}
{"level":"info","message":"Server is running on port 3000"}
{"level":"info","message":"Database connection established successfully"}
{"level":"info","message":"Server is running on port 3000"}
{"level":"info","message":"Database connection established successfully"}
{"level":"info","message":"Server is running on port 3000"}
{"level":"info","message":"Database connection established successfully"}
{"level":"info","message":"Server is running on port 3000"}
{"level":"info","message":"Database connection established successfully"}
{"level":"info","message":"Server is running on port 3000"}
{"level":"info","message":"Database connection established successfully"}
{"level":"info","message":"Server is running on port 3000"}
{"level":"info","message":"Database connection established successfully"}
{"level":"info","message":"Server is running on port 3000"}
{"level":"info","message":"Database connection established successfully"}
{"level":"error","message":"Request Timeout"}
{"level":"info","message":"Server is running on port 3000"}
{"level":"info","message":"Database connection established successfully"}
{"level":"info","message":"Server is running on port 3000"}
{"level":"info","message":"Database connection established successfully"}
{"level":"info","message":"Server is running on port 3000"}
{"level":"info","message":"Database connection established successfully"}
{"level":"info","message":"Server is running on port 3000"}
{"level":"info","message":"Database connection established successfully"}
{"level":"info","message":"Server is running on port 3000"}
{"level":"info","message":"Database connection established successfully"}
{"level":"info","message":"Server is running on port 3000"}
{"level":"info","message":"Database connection established successfully"}
